{"D:\\demoSyl\\module_1\\demo4\\script.js": {"path":"D:\\demoSyl\\module_1\\demo4\\script.js","statementMap":{"0":{"start":{"line":2,"column":4},"end":{"line":2,"column":20}},"1":{"start":{"line":5,"column":0},"end":{"line":5,"column":25}}},"fnMap":{"0":{"name":"multiply","decl":{"start":{"line":1,"column":9},"end":{"line":1,"column":17}},"loc":{"start":{"line":1,"column":27},"end":{"line":3,"column":1}},"line":1}},"branchMap":{},"s":{"0":2,"1":1},"f":{"0":2},"b":{},"_coverageSchema":"1a1c01bbd47fc00a2c39e90264f33305004495a9","hash":"6b6f14cd96c1724bf4d49489741ac1f339cb50d2"}
}
